{"total": {"lines":{"total":365,"covered":310,"skipped":0,"pct":84.93},"statements":{"total":387,"covered":322,"skipped":0,"pct":83.2},"functions":{"total":68,"covered":61,"skipped":0,"pct":89.7},"branches":{"total":217,"covered":121,"skipped":0,"pct":55.76},"branchesTrue":{"total":0,"covered":0,"skipped":0,"pct":100}}
,"D:\\Projects\\2YP\\Event\\eventstack\\apps\\backend\\src\\server.ts": {"lines":{"total":16,"covered":16,"skipped":0,"pct":100},"functions":{"total":3,"covered":2,"skipped":0,"pct":66.66},"statements":{"total":19,"covered":17,"skipped":0,"pct":89.47},"branches":{"total":4,"covered":2,"skipped":0,"pct":50}}
,"D:\\Projects\\2YP\\Event\\eventstack\\apps\\backend\\src\\utils.ts": {"lines":{"total":7,"covered":7,"skipped":0,"pct":100},"functions":{"total":2,"covered":2,"skipped":0,"pct":100},"statements":{"total":8,"covered":8,"skipped":0,"pct":100},"branches":{"total":0,"covered":0,"skipped":0,"pct":100}}
,"D:\\Projects\\2YP\\Event\\eventstack\\apps\\backend\\src\\routes\\admin.ts": {"lines":{"total":64,"covered":60,"skipped":0,"pct":93.75},"functions":{"total":7,"covered":7,"skipped":0,"pct":100},"statements":{"total":65,"covered":61,"skipped":0,"pct":93.84},"branches":{"total":24,"covered":16,"skipped":0,"pct":66.66}}
,"D:\\Projects\\2YP\\Event\\eventstack\\apps\\backend\\src\\routes\\auth.ts": {"lines":{"total":40,"covered":36,"skipped":0,"pct":90},"functions":{"total":4,"covered":4,"skipped":0,"pct":100},"statements":{"total":40,"covered":36,"skipped":0,"pct":90},"branches":{"total":18,"covered":12,"skipped":0,"pct":66.66}}
,"D:\\Projects\\2YP\\Event\\eventstack\\apps\\backend\\src\\routes\\bookmarks.ts": {"lines":{"total":15,"covered":15,"skipped":0,"pct":100},"functions":{"total":5,"covered":5,"skipped":0,"pct":100},"statements":{"total":16,"covered":16,"skipped":0,"pct":100},"branches":{"total":2,"covered":1,"skipped":0,"pct":50}}
,"D:\\Projects\\2YP\\Event\\eventstack\\apps\\backend\\src\\routes\\budgetBot.ts": {"lines":{"total":30,"covered":25,"skipped":0,"pct":83.33},"functions":{"total":6,"covered":6,"skipped":0,"pct":100},"statements":{"total":31,"covered":25,"skipped":0,"pct":80.64},"branches":{"total":16,"covered":6,"skipped":0,"pct":37.5}}
,"D:\\Projects\\2YP\\Event\\eventstack\\apps\\backend\\src\\routes\\events.ts": {"lines":{"total":59,"covered":57,"skipped":0,"pct":96.61},"functions":{"total":10,"covered":10,"skipped":0,"pct":100},"statements":{"total":62,"covered":60,"skipped":0,"pct":96.77},"branches":{"total":42,"covered":28,"skipped":0,"pct":66.66}}
,"D:\\Projects\\2YP\\Event\\eventstack\\apps\\backend\\src\\routes\\expenses.ts": {"lines":{"total":112,"covered":83,"skipped":0,"pct":74.1},"functions":{"total":24,"covered":21,"skipped":0,"pct":87.5},"statements":{"total":121,"covered":87,"skipped":0,"pct":71.9},"branches":{"total":101,"covered":51,"skipped":0,"pct":50.49}}
,"D:\\Projects\\2YP\\Event\\eventstack\\apps\\backend\\src\\routes\\search.ts": {"lines":{"total":11,"covered":10,"skipped":0,"pct":90.9},"functions":{"total":3,"covered":3,"skipped":0,"pct":100},"statements":{"total":12,"covered":11,"skipped":0,"pct":91.66},"branches":{"total":8,"covered":5,"skipped":0,"pct":62.5}}
,"D:\\Projects\\2YP\\Event\\eventstack\\apps\\backend\\src\\routes\\uploads.ts": {"lines":{"total":11,"covered":1,"skipped":0,"pct":9.09},"functions":{"total":4,"covered":1,"skipped":0,"pct":25},"statements":{"total":13,"covered":1,"skipped":0,"pct":7.69},"branches":{"total":2,"covered":0,"skipped":0,"pct":0}}
}
